TN:
SF:/Applications/MAMP/htdocs/Object-Oriented-Design-Final-Project/frontend/src/polyfills.ts
FNF:0
FNH:0
DA:23,1
DA:24,1
DA:25,1
DA:46,1
DA:47,1
DA:58,1
LF:6
LH:6
BRF:0
BRH:0
end_of_record
TN:
SF:/Applications/MAMP/htdocs/Object-Oriented-Design-Final-Project/frontend/src/test.ts
FN:20,(anonymous_0)
FNF:1
FNH:1
FNDA:1,(anonymous_0)
DA:3,1
DA:4,1
DA:5,1
DA:6,1
DA:7,1
DA:8,1
DA:9,1
DA:10,1
DA:20,1
DA:23,1
DA:28,1
DA:30,1
DA:32,1
LF:13
LH:13
BRF:0
BRH:0
end_of_record
TN:
SF:/Applications/MAMP/htdocs/Object-Oriented-Design-Final-Project/frontend/src/app/app.component.ts
FN:9,(anonymous_2)
FN:12,AppComponent
FN:20,(anonymous_4)
FN:24,(anonymous_5)
FNF:4
FNH:2
FNDA:1,(anonymous_2)
FNDA:1,AppComponent
FNDA:0,(anonymous_4)
FNDA:0,(anonymous_5)
DA:1,1
DA:2,1
DA:9,1
DA:12,1
DA:13,1
DA:14,1
DA:15,0
DA:20,1
DA:21,0
DA:22,0
DA:24,0
DA:25,0
DA:30,1
LF:13
LH:8
BRDA:21,0,0,0
BRDA:21,0,1,0
BRF:2
BRH:0
end_of_record
TN:
SF:/Applications/MAMP/htdocs/Object-Oriented-Design-Final-Project/frontend/src/app/admin-portal/admin-portal.component.ts
FN:9,(anonymous_2)
FN:29,AdminPortalComponent
FN:15,(anonymous_4)
FN:19,(anonymous_5)
FN:22,(anonymous_6)
FN:25,(anonymous_7)
FN:33,(anonymous_8)
FNF:7
FNH:1
FNDA:1,(anonymous_2)
FNDA:0,AdminPortalComponent
FNDA:0,(anonymous_4)
FNDA:0,(anonymous_5)
FNDA:0,(anonymous_6)
FNDA:0,(anonymous_7)
FNDA:0,(anonymous_8)
DA:1,1
DA:2,1
DA:3,1
DA:9,1
DA:15,1
DA:16,0
DA:19,1
DA:20,0
DA:22,1
DA:23,0
DA:25,1
DA:26,0
DA:29,0
DA:30,0
DA:33,1
DA:34,0
DA:36,0
DA:38,0
DA:39,0
DA:44,1
LF:20
LH:10
BRDA:34,0,0,0
BRDA:34,0,1,0
BRF:2
BRH:0
end_of_record
TN:
SF:/Applications/MAMP/htdocs/Object-Oriented-Design-Final-Project/frontend/src/app/aisles/aisle.model.ts
FN:1,(anonymous_0)
FNF:1
FNH:1
FNDA:1,(anonymous_0)
DA:1,1
DA:5,1
LF:2
LH:2
BRF:0
BRH:0
end_of_record
TN:
SF:/Applications/MAMP/htdocs/Object-Oriented-Design-Final-Project/frontend/src/app/aisles/aisle.service.ts
FN:6,(anonymous_2)
FN:11,AisleService
FN:14,(anonymous_4)
FN:17,(anonymous_5)
FN:21,(anonymous_6)
FN:25,(anonymous_7)
FN:32,(anonymous_8)
FNF:7
FNH:1
FNDA:1,(anonymous_2)
FNDA:0,AisleService
FNDA:0,(anonymous_4)
FNDA:0,(anonymous_5)
FNDA:0,(anonymous_6)
FNDA:0,(anonymous_7)
FNDA:0,(anonymous_8)
DA:1,1
DA:2,1
DA:3,1
DA:4,1
DA:6,1
DA:7,0
DA:8,0
DA:9,0
DA:11,0
DA:14,1
DA:15,0
DA:17,1
DA:18,0
DA:21,1
DA:22,0
DA:25,1
DA:27,0
DA:32,1
DA:34,0
DA:36,1
LF:20
LH:11
BRDA:34,0,0,0
BRDA:34,0,1,0
BRF:2
BRH:0
end_of_record
TN:
SF:/Applications/MAMP/htdocs/Object-Oriented-Design-Final-Project/frontend/src/app/aisles/aisles.component.ts
FN:14,(anonymous_2)
FN:19,AislesComponent
FN:21,(anonymous_4)
FN:28,(anonymous_5)
FN:36,(anonymous_6)
FN:42,(anonymous_7)
FN:51,(anonymous_8)
FNF:7
FNH:1
FNDA:1,(anonymous_2)
FNDA:0,AislesComponent
FNDA:0,(anonymous_4)
FNDA:0,(anonymous_5)
FNDA:0,(anonymous_6)
FNDA:0,(anonymous_7)
FNDA:0,(anonymous_8)
DA:1,1
DA:3,1
DA:4,1
DA:7,1
DA:14,1
DA:17,0
DA:19,0
DA:21,1
DA:24,0
DA:28,0
DA:29,0
DA:32,0
DA:33,0
DA:36,1
DA:39,0
DA:43,0
DA:44,0
DA:45,0
DA:46,0
DA:51,1
DA:52,0
DA:53,0
DA:56,1
LF:23
LH:9
BRDA:24,0,0,0
BRDA:24,0,1,0
BRF:2
BRH:0
end_of_record
TN:
SF:/Applications/MAMP/htdocs/Object-Oriented-Design-Final-Project/frontend/src/app/aisles/edit-aisle/edit-aisle.component.ts
FN:13,(anonymous_2)
FN:16,EditAisleComponent
FN:18,(anonymous_4)
FN:28,(anonymous_5)
FN:30,(anonymous_6)
FN:34,(anonymous_7)
FNF:6
FNH:1
FNDA:1,(anonymous_2)
FNDA:0,EditAisleComponent
FNDA:0,(anonymous_4)
FNDA:0,(anonymous_5)
FNDA:0,(anonymous_6)
FNDA:0,(anonymous_7)
DA:1,1
DA:3,1
DA:4,1
DA:6,1
DA:13,1
DA:16,0
DA:18,1
DA:19,0
DA:21,0
DA:23,0
DA:24,0
DA:28,1
DA:30,0
DA:31,0
DA:32,0
DA:33,0
DA:35,0
DA:41,1
LF:18
LH:8
BRDA:19,0,0,0
BRDA:19,0,1,0
BRF:2
BRH:0
end_of_record
TN:
SF:/Applications/MAMP/htdocs/Object-Oriented-Design-Final-Project/frontend/src/app/auth/auth.service.ts
FN:10,(anonymous_2)
FN:26,AuthService
FN:32,(anonymous_4)
FN:36,(anonymous_5)
FN:39,(anonymous_6)
FN:43,(anonymous_7)
FN:44,(anonymous_8)
FN:57,(anonymous_9)
FN:64,(anonymous_10)
FN:72,(anonymous_11)
FN:91,(anonymous_12)
FN:102,(anonymous_13)
FN:108,(anonymous_14)
FN:109,(anonymous_15)
FN:119,(anonymous_16)
FN:126,(anonymous_17)
FN:138,(anonymous_18)
FN:144,(anonymous_19)
FN:148,(anonymous_20)
FN:150,(anonymous_21)
FNF:20
FNH:2
FNDA:1,(anonymous_2)
FNDA:1,AuthService
FNDA:0,(anonymous_4)
FNDA:0,(anonymous_5)
FNDA:0,(anonymous_6)
FNDA:0,(anonymous_7)
FNDA:0,(anonymous_8)
FNDA:0,(anonymous_9)
FNDA:0,(anonymous_10)
FNDA:0,(anonymous_11)
FNDA:0,(anonymous_12)
FNDA:0,(anonymous_13)
FNDA:0,(anonymous_14)
FNDA:0,(anonymous_15)
FNDA:0,(anonymous_16)
FNDA:0,(anonymous_17)
FNDA:0,(anonymous_18)
FNDA:0,(anonymous_19)
FNDA:0,(anonymous_20)
FNDA:0,(anonymous_21)
DA:1,1
DA:2,1
DA:3,1
DA:4,1
DA:5,1
DA:6,1
DA:10,1
DA:16,1
DA:18,1
DA:26,1
DA:27,1
DA:28,1
DA:29,1
DA:32,1
DA:33,0
DA:36,1
DA:37,0
DA:39,1
DA:40,0
DA:43,1
DA:44,0
DA:45,0
DA:46,0
DA:47,0
DA:48,0
DA:49,0
DA:50,0
DA:51,0
DA:57,1
DA:58,0
DA:59,0
DA:60,0
DA:63,0
DA:64,0
DA:65,0
DA:66,0
DA:68,0
DA:72,1
DA:74,0
DA:80,0
DA:82,0
DA:83,0
DA:84,0
DA:85,0
DA:88,0
DA:91,1
DA:93,0
DA:94,0
DA:95,0
DA:96,0
DA:98,0
DA:102,1
DA:105,0
DA:106,0
DA:108,1
DA:109,0
DA:110,0
DA:111,0
DA:113,0
DA:114,0
DA:119,1
DA:120,0
DA:121,0
DA:123,0
DA:125,0
DA:128,0
DA:132,0
DA:138,0
DA:139,0
DA:140,0
DA:144,1
DA:145,0
DA:146,0
DA:148,1
DA:149,0
DA:150,0
DA:154,1
LF:77
LH:26
BRDA:45,0,0,0
BRDA:45,0,1,0
BRDA:45,1,0,0
BRDA:45,1,1,0
BRDA:45,1,2,0
BRDA:49,2,0,0
BRDA:49,2,1,0
BRDA:59,3,0,0
BRDA:59,3,1,0
BRDA:65,4,0,0
BRDA:65,4,1,0
BRDA:80,5,0,0
BRDA:80,5,1,0
BRDA:80,5,2,0
BRDA:105,6,0,0
BRDA:105,6,1,0
BRDA:110,7,0,0
BRDA:110,7,1,0
BRDA:120,8,0,0
BRDA:120,8,1,0
BRDA:145,9,0,0
BRDA:145,9,1,0
BRF:22
BRH:0
end_of_record
TN:
SF:/Applications/MAMP/htdocs/Object-Oriented-Design-Final-Project/frontend/src/app/auth/auth0-variables.ts
FNF:0
FNH:0
DA:8,1
LF:1
LH:1
BRF:0
BRH:0
end_of_record
TN:
SF:/Applications/MAMP/htdocs/Object-Oriented-Design-Final-Project/frontend/src/app/callback/callback.component.ts
FN:8,(anonymous_2)
FN:10,CallbackComponent
FN:12,(anonymous_4)
FNF:3
FNH:3
FNDA:1,(anonymous_2)
FNDA:1,CallbackComponent
FNDA:1,(anonymous_4)
DA:1,1
DA:8,1
DA:12,1
DA:15,1
LF:4
LH:4
BRF:0
BRH:0
end_of_record
TN:
SF:/Applications/MAMP/htdocs/Object-Oriented-Design-Final-Project/frontend/src/app/create-order/create-order.component.ts
FN:12,(anonymous_2)
FN:15,CreateOrderComponent
FN:17,(anonymous_4)
FN:30,(anonymous_5)
FN:32,(anonymous_6)
FN:35,(anonymous_7)
FN:39,(anonymous_8)
FN:45,(anonymous_9)
FNF:8
FNH:1
FNDA:1,(anonymous_2)
FNDA:0,CreateOrderComponent
FNDA:0,(anonymous_4)
FNDA:0,(anonymous_5)
FNDA:0,(anonymous_6)
FNDA:0,(anonymous_7)
FNDA:0,(anonymous_8)
FNDA:0,(anonymous_9)
DA:1,1
DA:3,1
DA:4,1
DA:5,1
DA:12,1
DA:15,0
DA:17,1
DA:19,0
DA:21,0
DA:24,0
DA:30,1
DA:31,0
DA:32,0
DA:33,0
DA:34,0
DA:36,0
DA:39,0
DA:40,0
DA:42,0
DA:46,0
DA:52,1
LF:21
LH:8
BRDA:19,0,0,0
BRDA:19,0,1,0
BRDA:31,1,0,0
BRDA:31,1,1,0
BRF:4
BRH:0
end_of_record
TN:
SF:/Applications/MAMP/htdocs/Object-Oriented-Design-Final-Project/frontend/src/app/create-order/create-order.service.ts
FN:10,(anonymous_2)
FN:19,CreateOrderService
FN:22,(anonymous_4)
FN:26,(anonymous_5)
FN:31,(anonymous_6)
FN:35,(anonymous_7)
FN:41,(anonymous_8)
FN:45,(anonymous_9)
FN:48,(anonymous_10)
FNF:9
FNH:1
FNDA:1,(anonymous_2)
FNDA:0,CreateOrderService
FNDA:0,(anonymous_4)
FNDA:0,(anonymous_5)
FNDA:0,(anonymous_6)
FNDA:0,(anonymous_7)
FNDA:0,(anonymous_8)
FNDA:0,(anonymous_9)
FNDA:0,(anonymous_10)
DA:1,1
DA:2,1
DA:3,1
DA:5,1
DA:6,1
DA:7,1
DA:8,1
DA:10,1
DA:12,0
DA:14,0
DA:16,0
DA:19,0
DA:22,1
DA:23,0
DA:26,1
DA:27,0
DA:31,1
DA:32,0
DA:35,1
DA:37,0
DA:41,1
DA:42,0
DA:45,1
DA:46,0
DA:48,1
DA:50,0
DA:52,1
LF:27
LH:16
BRDA:50,0,0,0
BRDA:50,0,1,0
BRF:2
BRH:0
end_of_record
TN:
SF:/Applications/MAMP/htdocs/Object-Oriented-Design-Final-Project/frontend/src/app/create-order/order.model.ts
FN:1,(anonymous_0)
FNF:1
FNH:1
FNDA:1,(anonymous_0)
DA:1,1
DA:6,1
LF:2
LH:2
BRF:0
BRH:0
end_of_record
TN:
SF:/Applications/MAMP/htdocs/Object-Oriented-Design-Final-Project/frontend/src/app/create-order-details/OrderDetail.model.ts
FN:1,(anonymous_0)
FNF:1
FNH:1
FNDA:1,(anonymous_0)
DA:1,1
DA:9,1
LF:2
LH:2
BRF:0
BRH:0
end_of_record
TN:
SF:/Applications/MAMP/htdocs/Object-Oriented-Design-Final-Project/frontend/src/app/create-order-details/create-order-detail.service.ts
FN:10,(anonymous_2)
FN:21,CreateOrderDetailService
FN:26,(anonymous_4)
FN:30,(anonymous_5)
FN:35,(anonymous_6)
FN:41,(anonymous_7)
FN:45,(anonymous_8)
FN:49,(anonymous_9)
FN:52,(anonymous_10)
FNF:9
FNH:1
FNDA:1,(anonymous_2)
FNDA:0,CreateOrderDetailService
FNDA:0,(anonymous_4)
FNDA:0,(anonymous_5)
FNDA:0,(anonymous_6)
FNDA:0,(anonymous_7)
FNDA:0,(anonymous_8)
FNDA:0,(anonymous_9)
FNDA:0,(anonymous_10)
DA:1,1
DA:2,1
DA:3,1
DA:5,1
DA:6,1
DA:7,1
DA:8,1
DA:10,1
DA:12,0
DA:15,0
DA:18,0
DA:21,0
DA:26,1
DA:27,0
DA:30,1
DA:32,0
DA:35,1
DA:36,0
DA:41,1
DA:42,0
DA:45,1
DA:46,0
DA:49,1
DA:50,0
DA:52,1
DA:54,0
DA:56,1
LF:27
LH:16
BRDA:54,0,0,0
BRDA:54,0,1,0
BRF:2
BRH:0
end_of_record
TN:
SF:/Applications/MAMP/htdocs/Object-Oriented-Design-Final-Project/frontend/src/app/create-order-details/create-order-details.component.ts
FN:12,(anonymous_2)
FN:15,CreateOrderDetailsComponent
FN:17,(anonymous_4)
FN:30,(anonymous_5)
FN:32,(anonymous_6)
FN:35,(anonymous_7)
FN:39,(anonymous_8)
FN:45,(anonymous_9)
FNF:8
FNH:1
FNDA:1,(anonymous_2)
FNDA:0,CreateOrderDetailsComponent
FNDA:0,(anonymous_4)
FNDA:0,(anonymous_5)
FNDA:0,(anonymous_6)
FNDA:0,(anonymous_7)
FNDA:0,(anonymous_8)
FNDA:0,(anonymous_9)
DA:1,1
DA:3,1
DA:4,1
DA:5,1
DA:12,1
DA:15,0
DA:17,1
DA:19,0
DA:21,0
DA:24,0
DA:30,1
DA:31,0
DA:32,0
DA:33,0
DA:34,0
DA:36,0
DA:39,0
DA:40,0
DA:42,0
DA:46,0
DA:52,1
LF:21
LH:8
BRDA:19,0,0,0
BRDA:19,0,1,0
BRDA:31,1,0,0
BRDA:31,1,1,0
BRF:4
BRH:0
end_of_record
TN:
SF:/Applications/MAMP/htdocs/Object-Oriented-Design-Final-Project/frontend/src/app/create-order-details/order-metadata/order-metadata.component.ts
FN:13,(anonymous_2)
FN:21,OrderMetadataComponent
FN:23,(anonymous_4)
FN:30,(anonymous_5)
FN:40,(anonymous_6)
FN:42,(anonymous_7)
FN:43,(anonymous_8)
FN:47,(anonymous_9)
FN:54,(anonymous_10)
FN:56,(anonymous_11)
FN:59,(anonymous_12)
FN:64,(anonymous_13)
FN:70,(anonymous_14)
FNF:13
FNH:1
FNDA:1,(anonymous_2)
FNDA:0,OrderMetadataComponent
FNDA:0,(anonymous_4)
FNDA:0,(anonymous_5)
FNDA:0,(anonymous_6)
FNDA:0,(anonymous_7)
FNDA:0,(anonymous_8)
FNDA:0,(anonymous_9)
FNDA:0,(anonymous_10)
FNDA:0,(anonymous_11)
FNDA:0,(anonymous_12)
FNDA:0,(anonymous_13)
FNDA:0,(anonymous_14)
DA:3,1
DA:4,1
DA:5,1
DA:6,1
DA:7,1
DA:13,1
DA:16,0
DA:18,0
DA:21,0
DA:23,1
DA:25,0
DA:29,0
DA:31,0
DA:34,0
DA:40,1
DA:41,0
DA:43,0
DA:47,1
DA:48,0
DA:49,0
DA:54,1
DA:56,0
DA:58,0
DA:60,0
DA:64,1
DA:67,0
DA:71,0
DA:72,0
DA:73,0
DA:74,0
DA:80,1
LF:31
LH:12
BRDA:25,0,0,0
BRDA:25,0,1,0
BRF:2
BRH:0
end_of_record
TN:
SF:/Applications/MAMP/htdocs/Object-Oriented-Design-Final-Project/frontend/src/app/create-order/orders/orders.component.ts
FN:13,(anonymous_2)
FN:20,OrdersComponent
FN:24,(anonymous_4)
FN:31,(anonymous_5)
FN:41,(anonymous_6)
FN:43,(anonymous_7)
FN:44,(anonymous_8)
FN:48,(anonymous_9)
FN:55,(anonymous_10)
FN:57,(anonymous_11)
FN:60,(anonymous_12)
FN:65,(anonymous_13)
FN:71,(anonymous_14)
FNF:13
FNH:1
FNDA:1,(anonymous_2)
FNDA:0,OrdersComponent
FNDA:0,(anonymous_4)
FNDA:0,(anonymous_5)
FNDA:0,(anonymous_6)
FNDA:0,(anonymous_7)
FNDA:0,(anonymous_8)
FNDA:0,(anonymous_9)
FNDA:0,(anonymous_10)
FNDA:0,(anonymous_11)
FNDA:0,(anonymous_12)
FNDA:0,(anonymous_13)
FNDA:0,(anonymous_14)
DA:1,1
DA:2,1
DA:4,1
DA:5,1
DA:7,1
DA:13,1
DA:15,0
DA:17,0
DA:20,0
DA:24,1
DA:26,0
DA:30,0
DA:32,0
DA:35,0
DA:41,1
DA:42,0
DA:44,0
DA:48,1
DA:49,0
DA:50,0
DA:55,1
DA:57,0
DA:59,0
DA:61,0
DA:65,1
DA:68,0
DA:72,0
DA:73,0
DA:74,0
DA:75,0
DA:81,1
LF:31
LH:12
BRDA:26,0,0,0
BRDA:26,0,1,0
BRF:2
BRH:0
end_of_record
TN:
SF:/Applications/MAMP/htdocs/Object-Oriented-Design-Final-Project/frontend/src/app/create-product/create-product.component.ts
FN:12,(anonymous_2)
FN:15,CreateProductComponent
FN:17,(anonymous_4)
FN:28,(anonymous_5)
FN:30,(anonymous_6)
FN:34,(anonymous_7)
FN:38,(anonymous_8)
FN:42,(anonymous_9)
FNF:8
FNH:1
FNDA:1,(anonymous_2)
FNDA:0,CreateProductComponent
FNDA:0,(anonymous_4)
FNDA:0,(anonymous_5)
FNDA:0,(anonymous_6)
FNDA:0,(anonymous_7)
FNDA:0,(anonymous_8)
FNDA:0,(anonymous_9)
DA:1,1
DA:3,1
DA:4,1
DA:5,1
DA:12,1
DA:15,0
DA:17,1
DA:19,0
DA:21,0
DA:23,0
DA:28,1
DA:29,0
DA:30,0
DA:31,0
DA:32,0
DA:33,0
DA:35,0
DA:38,0
DA:39,0
DA:40,0
DA:41,0
DA:43,0
DA:49,1
LF:23
LH:8
BRDA:19,0,0,0
BRDA:19,0,1,0
BRDA:29,1,0,0
BRDA:29,1,1,0
BRF:4
BRH:0
end_of_record
TN:
SF:/Applications/MAMP/htdocs/Object-Oriented-Design-Final-Project/frontend/src/app/create-product/createprod.service.ts
FN:10,(anonymous_2)
FN:18,CreateprodService
FN:21,(anonymous_4)
FN:25,(anonymous_5)
FN:29,(anonymous_6)
FN:37,(anonymous_7)
FN:41,(anonymous_8)
FN:44,(anonymous_9)
FNF:8
FNH:1
FNDA:1,(anonymous_2)
FNDA:0,CreateprodService
FNDA:0,(anonymous_4)
FNDA:0,(anonymous_5)
FNDA:0,(anonymous_6)
FNDA:0,(anonymous_7)
FNDA:0,(anonymous_8)
FNDA:0,(anonymous_9)
DA:1,1
DA:2,1
DA:3,1
DA:5,1
DA:6,1
DA:7,1
DA:8,1
DA:10,1
DA:12,0
DA:13,0
DA:15,0
DA:18,0
DA:21,1
DA:22,0
DA:25,1
DA:26,0
DA:29,1
DA:31,0
DA:37,1
DA:38,0
DA:41,1
DA:42,0
DA:44,1
DA:46,0
DA:48,1
LF:25
LH:15
BRDA:46,0,0,0
BRDA:46,0,1,0
BRF:2
BRH:0
end_of_record
TN:
SF:/Applications/MAMP/htdocs/Object-Oriented-Design-Final-Project/frontend/src/app/create-product/product.model.ts
FN:1,(anonymous_0)
FNF:1
FNH:1
FNDA:1,(anonymous_0)
DA:1,1
DA:8,1
LF:2
LH:2
BRF:0
BRH:0
end_of_record
TN:
SF:/Applications/MAMP/htdocs/Object-Oriented-Design-Final-Project/frontend/src/app/deparments/deparments.component.ts
FN:14,(anonymous_2)
FN:20,DeparmentsComponent
FN:22,(anonymous_4)
FN:26,(anonymous_5)
FN:35,(anonymous_6)
FN:42,(anonymous_7)
FN:48,(anonymous_8)
FNF:7
FNH:1
FNDA:1,(anonymous_2)
FNDA:0,DeparmentsComponent
FNDA:0,(anonymous_4)
FNDA:0,(anonymous_5)
FNDA:0,(anonymous_6)
FNDA:0,(anonymous_7)
FNDA:0,(anonymous_8)
DA:1,1
DA:3,1
DA:5,1
DA:6,1
DA:14,1
DA:17,0
DA:20,0
DA:22,1
DA:24,0
DA:26,0
DA:27,0
DA:30,0
DA:35,1
DA:36,0
DA:37,0
DA:42,1
DA:45,0
DA:49,0
DA:50,0
DA:51,0
DA:52,0
DA:57,1
LF:22
LH:9
BRDA:24,0,0,0
BRDA:24,0,1,0
BRF:2
BRH:0
end_of_record
TN:
SF:/Applications/MAMP/htdocs/Object-Oriented-Design-Final-Project/frontend/src/app/deparments/department.model.ts
FN:1,(anonymous_0)
FNF:1
FNH:1
FNDA:1,(anonymous_0)
DA:1,1
DA:5,1
LF:2
LH:2
BRF:0
BRH:0
end_of_record
TN:
SF:/Applications/MAMP/htdocs/Object-Oriented-Design-Final-Project/frontend/src/app/deparments/departments.service.ts
FN:11,(anonymous_2)
FN:17,DepartmentsService
FN:20,(anonymous_4)
FN:25,(anonymous_5)
FN:29,(anonymous_6)
FN:33,(anonymous_7)
FN:40,(anonymous_8)
FNF:7
FNH:1
FNDA:1,(anonymous_2)
FNDA:0,DepartmentsService
FNDA:0,(anonymous_4)
FNDA:0,(anonymous_5)
FNDA:0,(anonymous_6)
FNDA:0,(anonymous_7)
FNDA:0,(anonymous_8)
DA:1,1
DA:2,1
DA:4,1
DA:5,1
DA:6,1
DA:7,1
DA:8,1
DA:11,1
DA:12,0
DA:13,0
DA:14,0
DA:17,0
DA:20,1
DA:21,0
DA:25,1
DA:26,0
DA:29,1
DA:30,0
DA:33,1
DA:35,0
DA:40,1
DA:42,0
DA:44,1
LF:23
LH:14
BRDA:42,0,0,0
BRDA:42,0,1,0
BRF:2
BRH:0
end_of_record
TN:
SF:/Applications/MAMP/htdocs/Object-Oriented-Design-Final-Project/frontend/src/app/deparments/edit-departments/edit-departments.component.ts
FN:11,(anonymous_2)
FN:14,EditDepartmentsComponent
FN:16,(anonymous_4)
FN:28,(anonymous_5)
FN:30,(anonymous_6)
FN:34,(anonymous_7)
FNF:6
FNH:1
FNDA:1,(anonymous_2)
FNDA:0,EditDepartmentsComponent
FNDA:0,(anonymous_4)
FNDA:0,(anonymous_5)
FNDA:0,(anonymous_6)
FNDA:0,(anonymous_7)
DA:1,1
DA:2,1
DA:4,1
DA:5,1
DA:11,1
DA:14,0
DA:16,1
DA:17,0
DA:20,0
DA:23,0
DA:28,1
DA:30,0
DA:31,0
DA:32,0
DA:33,0
DA:35,0
DA:41,1
LF:17
LH:8
BRDA:17,0,0,0
BRDA:17,0,1,0
BRF:2
BRH:0
end_of_record
TN:
SF:/Applications/MAMP/htdocs/Object-Oriented-Design-Final-Project/frontend/src/app/edit-delete-product/delete-prod.service.ts
FN:11,(anonymous_2)
FN:19,DeleteProdService
FN:22,(anonymous_4)
FN:26,(anonymous_5)
FN:30,(anonymous_6)
FN:34,(anonymous_7)
FN:42,(anonymous_8)
FN:46,(anonymous_9)
FN:49,(anonymous_10)
FNF:9
FNH:1
FNDA:1,(anonymous_2)
FNDA:0,DeleteProdService
FNDA:0,(anonymous_4)
FNDA:0,(anonymous_5)
FNDA:0,(anonymous_6)
FNDA:0,(anonymous_7)
FNDA:0,(anonymous_8)
FNDA:0,(anonymous_9)
FNDA:0,(anonymous_10)
DA:1,1
DA:2,1
DA:4,1
DA:5,1
DA:6,1
DA:7,1
DA:8,1
DA:11,1
DA:12,0
DA:13,0
DA:16,0
DA:19,0
DA:22,1
DA:23,0
DA:26,1
DA:27,0
DA:30,1
DA:31,0
DA:34,1
DA:36,0
DA:42,1
DA:43,0
DA:46,1
DA:47,0
DA:49,1
DA:51,0
DA:53,1
LF:27
LH:16
BRDA:51,0,0,0
BRDA:51,0,1,0
BRF:2
BRH:0
end_of_record
TN:
SF:/Applications/MAMP/htdocs/Object-Oriented-Design-Final-Project/frontend/src/app/edit-delete-product/edit-delete-product.component.ts
FN:13,(anonymous_2)
FN:20,EditDeleteProductComponent
FN:24,(anonymous_4)
FN:31,(anonymous_5)
FN:41,(anonymous_6)
FN:43,(anonymous_7)
FN:44,(anonymous_8)
FN:48,(anonymous_9)
FN:55,(anonymous_10)
FN:57,(anonymous_11)
FN:60,(anonymous_12)
FN:65,(anonymous_13)
FN:71,(anonymous_14)
FNF:13
FNH:1
FNDA:1,(anonymous_2)
FNDA:0,EditDeleteProductComponent
FNDA:0,(anonymous_4)
FNDA:0,(anonymous_5)
FNDA:0,(anonymous_6)
FNDA:0,(anonymous_7)
FNDA:0,(anonymous_8)
FNDA:0,(anonymous_9)
FNDA:0,(anonymous_10)
FNDA:0,(anonymous_11)
FNDA:0,(anonymous_12)
FNDA:0,(anonymous_13)
FNDA:0,(anonymous_14)
DA:1,1
DA:2,1
DA:4,1
DA:5,1
DA:7,1
DA:13,1
DA:15,0
DA:17,0
DA:20,0
DA:24,1
DA:26,0
DA:30,0
DA:32,0
DA:35,0
DA:41,1
DA:42,0
DA:44,0
DA:48,1
DA:49,0
DA:50,0
DA:55,1
DA:57,0
DA:59,0
DA:61,0
DA:65,1
DA:68,0
DA:72,0
DA:73,0
DA:74,0
DA:75,0
DA:81,1
LF:31
LH:12
BRDA:26,0,0,0
BRDA:26,0,1,0
BRF:2
BRH:0
end_of_record
TN:
SF:/Applications/MAMP/htdocs/Object-Oriented-Design-Final-Project/frontend/src/app/edit-delete-product/product.model.ts
FN:2,(anonymous_0)
FNF:1
FNH:1
FNDA:1,(anonymous_0)
DA:2,1
DA:9,1
LF:2
LH:2
BRF:0
BRH:0
end_of_record
TN:
SF:/Applications/MAMP/htdocs/Object-Oriented-Design-Final-Project/frontend/src/app/edit-delete-product/update-product/update-product.component.ts
FN:11,(anonymous_2)
FN:14,UpdateProductComponent
FN:16,(anonymous_4)
FN:28,(anonymous_5)
FN:30,(anonymous_6)
FN:34,(anonymous_7)
FNF:6
FNH:1
FNDA:1,(anonymous_2)
FNDA:0,UpdateProductComponent
FNDA:0,(anonymous_4)
FNDA:0,(anonymous_5)
FNDA:0,(anonymous_6)
FNDA:0,(anonymous_7)
DA:1,1
DA:2,1
DA:4,1
DA:5,1
DA:11,1
DA:14,0
DA:16,1
DA:17,0
DA:20,0
DA:23,0
DA:28,1
DA:30,0
DA:31,0
DA:33,0
DA:35,0
DA:41,1
LF:16
LH:8
BRDA:17,0,0,0
BRDA:17,0,1,0
BRF:2
BRH:0
end_of_record
TN:
SF:/Applications/MAMP/htdocs/Object-Oriented-Design-Final-Project/frontend/src/app/help-chat/help-chat.component.ts
FN:12,(anonymous_2)
FN:14,HelpChatComponent
FN:16,(anonymous_4)
FNF:3
FNH:3
FNDA:1,(anonymous_2)
FNDA:1,HelpChatComponent
FNDA:1,(anonymous_4)
DA:1,1
DA:12,1
DA:16,1
DA:21,1
LF:4
LH:4
BRF:0
BRH:0
end_of_record
TN:
SF:/Applications/MAMP/htdocs/Object-Oriented-Design-Final-Project/frontend/src/app/home/home.component.ts
FN:10,(anonymous_2)
FN:12,HomeComponent
FN:14,(anonymous_4)
FNF:3
FNH:1
FNDA:1,(anonymous_2)
FNDA:0,HomeComponent
FNDA:0,(anonymous_4)
DA:1,1
DA:2,1
DA:3,1
DA:10,1
DA:12,0
DA:14,1
DA:15,0
DA:16,0
DA:18,0
DA:22,1
LF:10
LH:6
BRDA:15,0,0,0
BRDA:15,0,1,0
BRF:2
BRH:0
end_of_record
TN:
SF:/Applications/MAMP/htdocs/Object-Oriented-Design-Final-Project/frontend/src/app/items-freq-purchased/items-freq-purchased.component.ts
FN:8,(anonymous_2)
FN:10,ItemsFreqPurchasedComponent
FN:12,(anonymous_4)
FNF:3
FNH:3
FNDA:1,(anonymous_2)
FNDA:1,ItemsFreqPurchasedComponent
FNDA:1,(anonymous_4)
DA:1,1
DA:8,1
DA:12,1
DA:15,1
LF:4
LH:4
BRF:0
BRH:0
end_of_record
TN:
SF:/Applications/MAMP/htdocs/Object-Oriented-Design-Final-Project/frontend/src/app/product-list/product.model.ts
FN:2,(anonymous_0)
FNF:1
FNH:1
FNDA:1,(anonymous_0)
DA:2,1
DA:9,1
LF:2
LH:2
BRF:0
BRH:0
end_of_record
TN:
SF:/Applications/MAMP/htdocs/Object-Oriented-Design-Final-Project/frontend/src/app/product-list/products.service.ts
FN:12,(anonymous_2)
FN:21,ProductsService
FN:25,(anonymous_4)
FNF:3
FNH:1
FNDA:1,(anonymous_2)
FNDA:0,ProductsService
FNDA:0,(anonymous_4)
DA:1,1
DA:2,1
DA:6,1
DA:7,1
DA:8,1
DA:9,1
DA:12,1
DA:13,0
DA:14,0
DA:17,0
DA:21,0
DA:25,1
DA:29,0
DA:35,1
LF:14
LH:9
BRF:0
BRH:0
end_of_record
TN:
SF:/Applications/MAMP/htdocs/Object-Oriented-Design-Final-Project/frontend/src/app/product-list/product-list/product-list.component.ts
FN:13,(anonymous_2)
FN:20,ProductListComponent
FN:22,(anonymous_4)
FN:23,(anonymous_5)
FN:27,(anonymous_6)
FN:33,(anonymous_7)
FNF:6
FNH:1
FNDA:1,(anonymous_2)
FNDA:0,ProductListComponent
FNDA:0,(anonymous_4)
FNDA:0,(anonymous_5)
FNDA:0,(anonymous_6)
FNDA:0,(anonymous_7)
DA:1,1
DA:3,1
DA:5,1
DA:13,1
DA:16,0
DA:20,0
DA:22,1
DA:23,0
DA:24,0
DA:27,1
DA:30,0
DA:34,0
DA:35,0
DA:36,0
DA:37,0
DA:42,1
LF:16
LH:7
BRF:0
BRH:0
end_of_record
TN:
SF:/Applications/MAMP/htdocs/Object-Oriented-Design-Final-Project/frontend/src/app/profile/profile.component.ts
FN:9,(anonymous_2)
FN:13,ProfileComponent
FN:15,(anonymous_4)
FN:19,(anonymous_5)
FNF:4
FNH:1
FNDA:1,(anonymous_2)
FNDA:0,ProfileComponent
FNDA:0,(anonymous_4)
FNDA:0,(anonymous_5)
DA:1,1
DA:2,1
DA:3,1
DA:9,1
DA:13,0
DA:15,1
DA:16,0
DA:17,0
DA:19,0
DA:20,0
DA:26,1
LF:11
LH:6
BRDA:16,0,0,0
BRDA:16,0,1,0
BRF:2
BRH:0
end_of_record
TN:
SF:/Applications/MAMP/htdocs/Object-Oriented-Design-Final-Project/frontend/src/app/whens-best-time-order/whens-best-time-order.component.ts
FN:9,(anonymous_2)
FN:11,WhensBestTimeOrderComponent
FN:14,(anonymous_4)
FNF:3
FNH:1
FNDA:1,(anonymous_2)
FNDA:0,WhensBestTimeOrderComponent
FNDA:0,(anonymous_4)
DA:1,1
DA:2,1
DA:3,1
DA:9,1
DA:11,0
DA:14,1
DA:16,0
DA:17,0
DA:19,0
DA:23,1
LF:10
LH:6
BRDA:16,0,0,0
BRDA:16,0,1,0
BRF:2
BRH:0
end_of_record
